  Assembling main.asm...
main.asm(20): warning A6004: procedure argument or local not referenced : hInstDLL
main.asm(20): warning A6004: procedure argument or local not referenced : reason
main.asm(20): warning A6004: procedure argument or local not referenced : unused
  file.cpp
C:\prog\6term\OS\lab5\file.cpp(10,7): warning C4101: letter: неиспользованная локальная переменная
main.lib(WordSearchAssembler.dll) : error LNK2005: _word_search уже определен в main.obj
file.obj : error LNK2019: ссылка на неразрешенный внешний символ _strlen в функции "public: static unsigned int __cdecl std::_Narrow_char_traits<char,int>::length(char const * const)" (?length@?$_Narrow_char_traits@DH@std@@SAIQBD@Z).
file.obj : error LNK2019: ссылка на неразрешенный внешний символ ___CxxFrameHandler3 в функции __unwindfunclet$??$?6U?$char_traits@D@std@@@std@@YAAAV?$basic_ostream@DU?$char_traits@D@std@@@0@AAV10@D@Z$2.
MSVCRTD.lib(init.obj) : error LNK2019: ссылка на неразрешенный внешний символ __CrtDbgReport в функции __CRT_RTC_INIT.
MSVCRTD.lib(init.obj) : error LNK2019: ссылка на неразрешенный внешний символ __CrtDbgReportW в функции __CRT_RTC_INITW.
MSVCRTD.lib(error.obj) : error LNK2019: ссылка на неразрешенный внешний символ _strcpy_s в функции "void __cdecl _RTC_StackFailure(void *,char const *)" (?_RTC_StackFailure@@YAXPAXPBD@Z).
MSVCRTD.lib(error.obj) : error LNK2019: ссылка на неразрешенный внешний символ _strcat_s в функции "void __cdecl _RTC_StackFailure(void *,char const *)" (?_RTC_StackFailure@@YAXPAXPBD@Z).
MSVCRTD.lib(error.obj) : error LNK2019: ссылка на неразрешенный внешний символ ___stdio_common_vsprintf_s в функции __vsprintf_s_l.
MSVCRTD.lib(pdblkup.obj) : error LNK2019: ссылка на неразрешенный внешний символ __wmakepath_s в функции "int __cdecl GetPdbDllPathFromFilePath(wchar_t const *,wchar_t *,unsigned int)" (?GetPdbDllPathFromFilePath@@YAHPB_WPA_WI@Z).
MSVCRTD.lib(pdblkup.obj) : error LNK2019: ссылка на неразрешенный внешний символ __wsplitpath_s в функции "int __cdecl GetPdbDllPathFromFilePath(wchar_t const *,wchar_t *,unsigned int)" (?GetPdbDllPathFromFilePath@@YAHPB_WPA_WI@Z).
MSVCRTD.lib(pdblkup.obj) : error LNK2019: ссылка на неразрешенный внешний символ _wcscpy_s в функции "int __cdecl GetPdbDllPathFromFilePath(wchar_t const *,wchar_t *,unsigned int)" (?GetPdbDllPathFromFilePath@@YAHPB_WPA_WI@Z).
MSVCRTD.lib(pdblkup.obj) : error LNK2019: ссылка на неразрешенный внешний символ ___vcrt_GetModuleFileNameW в функции "struct HINSTANCE__ * __cdecl GetPdbDll(void)" (?GetPdbDll@@YAPAUHINSTANCE__@@XZ).
MSVCRTD.lib(pdblkup.obj) : error LNK2019: ссылка на неразрешенный внешний символ ___vcrt_GetModuleHandleW в функции "struct HINSTANCE__ * __cdecl GetPdbDll(void)" (?GetPdbDll@@YAPAUHINSTANCE__@@XZ).
MSVCRTD.lib(pdblkup.obj) : error LNK2019: ссылка на неразрешенный внешний символ ___vcrt_LoadLibraryExW в функции "struct HINSTANCE__ * __cdecl GetPdbDll(void)" (?GetPdbDll@@YAPAUHINSTANCE__@@XZ).
MSVCRTD.lib(chandler4_noexcept.obj) : error LNK2019: ссылка на неразрешенный внешний символ _terminate в функции __except_handler4_noexcept.
MSVCRTD.lib(chandler4_noexcept.obj) : error LNK2019: ссылка на неразрешенный внешний символ ___current_exception в функции __except_handler4_noexcept.
MSVCRTD.lib(chandler4_noexcept.obj) : error LNK2019: ссылка на неразрешенный внешний символ ___current_exception_context в функции __except_handler4_noexcept.
MSVCRTD.lib(chandler4gs.obj) : error LNK2019: ссылка на неразрешенный внешний символ __except_handler4_common в функции __except_handler4.
C:\prog\6term\OS\lab5\Debug\lab5.exe : fatal error LNK1120: неразрешенных внешних элементов: 17
